Testing exact projective solver...

======================================================================
EXACT PROJECTIVE SOLVER
======================================================================

g(0) = 2
g( 1) =        8 (       6 new,   0.00s)
g( 2) =       28 (      20 new,   0.00s)

======================================================================
VERIFICATION
======================================================================

  g(0) =        2 (expected        2) ✓
  g(1) =        8 (expected        8) ✓
  g(2) =       28 (expected       28) ✓

======================================================================
EXTENDING TO g(16)
======================================================================

======================================================================
EXACT PROJECTIVE SOLVER
======================================================================

g(0) = 2
g( 1) =        8 (       6 new,   0.00s)
g( 2) =       28 (      20 new,   0.00s)
g( 3) =      184 (     156 new,   0.00s)
g( 4) =    1,644 (   1,460 new,   0.01s)
g( 5) =   19,068 (  17,424 new,   0.20s)
g( 6) =  256,388 ( 237,320 new,   9.56s)
g( 7) = 3,748,844 (3,492,456 new, 806.88s)
